  2dEffect.cpp
  AnimationDictionary.cpp
  Anisot.cpp
  Atomic.cpp
  Breakable.cpp
  Clump.cpp
  CollisionPlugin.cpp
  EnvMap.cpp
  Extension.cpp
  ExtraVertColour.cpp
  FrameList.cpp
  Geometry.cpp
  GeometryList.cpp
  HAnim.cpp
  Material.cpp
  MaterialList.cpp
  MatFX.cpp
  Memory.cpp
  Mesh.cpp
  Native.cpp
  正在生成代码...
  正在编译...
  NodeName.cpp
  NormalMap.cpp
  Pipeline.cpp
  Rights.cpp
  Skin.cpp
  SkyMipmap.cpp
  SpecMap.cpp
  Std.cpp
  Stream.cpp
  String.cpp
  Texture.cpp
  TextureNative.cpp
  texture_helper.cpp
  Txd.cpp
  UVAnim.cpp
  INIReader.cpp
  Main.cpp
D:\DBOSERVER\v2conevt\ModelConverter\src\ModelConverter.h(1,1): warning C4819: 该文件包含不能在当前代码页(936)中表示的字符。请将该文件保存为 Unicode 格式以防止数据丢失
  正在生成代码...
  ini.c
  ModelConverter.vcxproj -> D:\DBOSERVER\v2conevt\output\converter\ModelConverter.exe
